  icode   ic inum1 inum2 inum3   subed  recmonps reccnstps  flow(m^3)   sed(t)      orgn(kg)    orgp(kg)    nitrate(kg) sol.p(kg)   sol.pst(mg) sor.pst(mg)
       1        1        1        0        0        0                         0.3332E+10  0.1248E+08  0.8261E+08  0.1592E+08  0.4769E+06  0.5400E+04  0.0000E+00  0.0000E+00
       1        2        2        0        0        0                         0.3547E+10  0.5248E+08  0.2447E+08  0.5403E+07  0.9589E+05  0.2757E+04  0.0000E+00  0.0000E+00
       1        3        3        0        0        0                         0.2100E+10  0.4011E+08  0.1733E+08  0.3824E+07  0.1416E+06  0.1158E+04  0.0000E+00  0.0000E+00
       1        4        4        0        0        0                         0.4604E+10  0.1936E+07  0.4939E+07  0.1121E+07  0.1382E+06  0.5043E+04  0.0000E+00  0.0000E+00
       1        5        5        0        0        0                         0.1681E+10  0.7184E+06  0.1537E+07  0.4524E+06  0.5974E+05  0.3285E+04  0.0000E+00  0.0000E+00
       1        6        6        0        0        0                         0.3746E+10  0.8189E+09  0.2018E+08  0.4468E+07  0.4373E+06  0.1337E+04  0.0000E+00  0.0000E+00
       1        7        7        0        0        0                         0.2337E+09  0.1905E+07  0.3023E+07  0.8076E+06  0.5680E+05  0.1251E+04  0.0000E+00  0.0000E+00
       1        8        8        0        0        0                         0.1854E+10  0.3490E+08  0.3960E+08  0.8727E+07  0.3968E+06  0.1884E+04  0.0000E+00  0.0000E+00
       1        9        9        0        0        0                         0.3223E+09  0.1330E+06  0.3230E+07  0.6165E+06  0.6337E+06  0.3325E+03  0.0000E+00  0.0000E+00
       1       10       10        0        0        0                         0.2544E+10  0.3272E+08  0.3287E+08  0.7884E+07  0.9063E+05  0.3427E+04  0.0000E+00  0.0000E+00
       1       11       11        0        0        0                         0.1830E+10  0.3735E+08  0.1982E+08  0.5855E+07  0.9654E+05  0.2703E+04  0.0000E+00  0.0000E+00
       1       12       12        0        0        0                         0.3909E+10  0.4460E+07  0.7346E+07  0.1698E+07  0.1032E+06  0.7165E+04  0.0000E+00  0.0000E+00
       1       13       13        0        0        0                         0.1008E+11  0.1657E+09  0.7320E+08  0.1616E+08  0.6606E+06  0.5707E+04  0.0000E+00  0.0000E+00
       1       14       14        0        0        0                         0.4507E+10  0.1102E+09  0.2529E+08  0.5586E+07  0.3316E+06  0.2480E+04  0.0000E+00  0.0000E+00
       1       15       15        0        0        0                         0.3569E+10  0.5730E+08  0.3233E+08  0.7140E+07  0.2291E+06  0.2718E+04  0.0000E+00  0.0000E+00
       1       16       16        0        0        0                         0.2250E+10  0.6122E+08  0.1313E+08  0.2900E+07  0.1159E+06  0.9223E+03  0.0000E+00  0.0000E+00
       1       17       17        0        0        0                         0.2818E+10  0.1170E+09  0.2000E+08  0.5929E+07  0.1187E+06  0.2461E+04  0.0000E+00  0.0000E+00
       1       18       18        0        0        0                         0.1510E+10  0.6258E+08  0.1584E+08  0.4692E+07  0.1429E+06  0.1787E+04  0.0000E+00  0.0000E+00
       1       19       19        0        0        0                         0.1864E+10  0.3226E+09  0.1284E+08  0.2843E+07  0.2710E+06  0.8038E+03  0.0000E+00  0.0000E+00
       1       20       20        0        0        0                         0.9572E+08  0.3439E+06  0.6821E+06  0.1592E+06  0.8342E+05  0.5743E+02  0.0000E+00  0.0000E+00
       1       21       21        0        0        0                         0.2454E+10  0.4521E+07  0.4259E+08  0.8175E+07  0.3273E+06  0.2957E+04  0.0000E+00  0.0000E+00
       1       22       22        0        0        0                         0.3383E+10  0.4917E+08  0.2349E+08  0.5183E+07  0.2047E+06  0.1674E+04  0.0000E+00  0.0000E+00
       1       23       23        0        0        0                         0.5092E+10  0.1051E+09  0.4226E+08  0.9335E+07  0.6498E+06  0.2435E+04  0.0000E+00  0.0000E+00
       1       24       24        0        0        0                         0.1917E+09  0.8021E+07  0.5169E+07  0.1524E+07  0.2872E+05  0.6424E+03  0.0000E+00  0.0000E+00
       1       25       25        0        0        0                         0.1596E+10  0.4573E+08  0.2531E+08  0.5590E+07  0.3947E+06  0.1010E+04  0.0000E+00  0.0000E+00
       1       26       26        0        0        0                         0.8669E+09  0.5472E+08  0.1024E+08  0.3035E+07  0.9443E+05  0.1216E+04  0.0000E+00  0.0000E+00
       1       27       27        0        0        0                         0.1172E+10  0.6237E+07  0.1043E+08  0.2494E+07  0.4109E+05  0.2201E+04  0.0000E+00  0.0000E+00
       1       28       28        0        0        0                         0.1381E+10  0.2815E+08  0.1212E+08  0.2910E+07  0.7748E+05  0.8962E+03  0.0000E+00  0.0000E+00
       1       29       29        0        0        0                         0.2106E+10  0.9004E+08  0.1689E+08  0.3736E+07  0.2483E+06  0.9092E+03  0.0000E+00  0.0000E+00
       1       30       30        0        0        0                         0.3126E+10  0.6913E+07  0.7637E+07  0.1750E+07  0.1103E+06  0.5316E+04  0.0000E+00  0.0000E+00
       1       31       31        0        0        0                         0.1809E+10  0.6508E+08  0.2106E+08  0.4656E+07  0.3230E+06  0.9634E+03  0.0000E+00  0.0000E+00
       1       32       32        0        0        0                         0.1720E+10  0.1635E+05  0.5886E+05  0.7320E+05  0.2134E+06  0.2232E+06  0.0000E+00  0.0000E+00
       1       33       33        0        0        0                         0.1975E+10  0.8410E-05  0.1024E+00  0.3073E+00  0.5835E+05  0.2090E+03  0.0000E+00  0.0000E+00
       1       34       34        0        0        0                         0.1111E+10  0.2331E+08  0.2349E+08  0.5631E+07  0.1734E+06  0.1574E+04  0.0000E+00  0.0000E+00
       1       35       35        0        0        0                         0.1627E+10  0.6311E+08  0.1556E+08  0.4610E+07  0.1525E+06  0.1780E+04  0.0000E+00  0.0000E+00
       1       36       36        0        0        0                         0.5224E+10  0.7586E+08  0.4546E+08  0.1003E+08  0.3869E+06  0.2899E+04  0.0000E+00  0.0000E+00
       1       37       37        0        0        0                         0.2995E+10  0.4379E+08  0.2037E+08  0.4491E+07  0.1474E+06  0.2164E+04  0.0000E+00  0.0000E+00
       1       38       38        0        0        0                         0.3558E+10  0.2611E+05  0.9907E+05  0.1217E+06  0.3314E+06  0.4270E+06  0.0000E+00  0.0000E+00
       1       39       39        0        0        0                         0.2849E+10  0.3596E+08  0.2822E+08  0.6227E+07  0.1520E+06  0.2706E+04  0.0000E+00  0.0000E+00
       1       40       40        0        0        0                         0.2699E+10  0.6403E+08  0.1820E+08  0.4019E+07  0.2333E+06  0.1266E+04  0.0000E+00  0.0000E+00
       1       41       41        0        0        0                         0.4691E+10  0.1622E+07  0.4388E+07  0.9976E+06  0.7693E+05  0.7665E+04  0.0000E+00  0.0000E+00
       1       42       42        0        0        0                         0.2156E+10  0.2148E+08  0.2372E+08  0.5221E+07  0.1613E+06  0.1703E+04  0.0000E+00  0.0000E+00
       1       43       43        0        0        0                         0.2801E+10  0.1124E+09  0.2137E+08  0.4725E+07  0.3013E+06  0.1489E+04  0.0000E+00  0.0000E+00
       1       44       44        0        0        0                         0.8047E+10  0.7943E+05  0.3242E+06  0.3998E+06  0.6726E+06  0.1001E+07  0.0000E+00  0.0000E+00
       1       45       45        0        0        0                         0.2539E+10  0.3670E+08  0.2478E+08  0.5469E+07  0.1293E+06  0.2273E+04  0.0000E+00  0.0000E+00
       1       46       46        0        0        0                         0.2096E+10  0.4018E+08  0.1807E+08  0.3992E+07  0.2536E+06  0.1105E+04  0.0000E+00  0.0000E+00
       1       47       47        0        0        0                         0.4998E+10  0.1444E+09  0.2718E+08  0.6004E+07  0.3630E+06  0.2138E+04  0.0000E+00  0.0000E+00
       1       48       48        0        0        0                         0.1243E+10  0.5009E+08  0.3375E+08  0.7447E+07  0.6900E+06  0.8950E+03  0.0000E+00  0.0000E+00
       1       49       49        0        0        0                         0.1853E+10  0.1150E+09  0.1048E+08  0.3110E+07  0.6668E+05  0.1515E+04  0.0000E+00  0.0000E+00
       1       50       50        0        0        0                         0.1446E+10  0.6624E+04  0.2346E+05  0.3033E+05  0.3771E+06  0.1252E+06  0.0000E+00  0.0000E+00
       1       51       51        0        0        0                         0.5219E+09  0.2480E+06  0.6327E+07  0.1208E+07  0.9359E+06  0.7504E+03  0.0000E+00  0.0000E+00
       1       52       52        0        0        0                         0.2750E+10  0.3241E+08  0.1893E+08  0.4170E+07  0.3125E+06  0.8877E+03  0.0000E+00  0.0000E+00
       1       53       53        0        0        0                         0.3069E+10  0.2893E+07  0.4280E+07  0.9813E+06  0.6913E+05  0.5343E+04  0.0000E+00  0.0000E+00
       1       54       54        0        0        0                         0.6569E+09  0.2323E+04  0.1886E+05  0.4252E+04  0.2899E+05  0.5766E+02  0.0000E+00  0.0000E+00
       1       55       55        0        0        0                         0.3267E+10  0.1115E+09  0.2198E+08  0.4851E+07  0.1646E+06  0.2006E+04  0.0000E+00  0.0000E+00
       1       56       56        0        0        0                         0.1601E+10  0.8068E+04  0.2941E+05  0.3708E+05  0.2906E+06  0.1769E+06  0.0000E+00  0.0000E+00
       1       57       57        0        0        0                         0.1679E+10  0.2868E+08  0.1600E+08  0.3530E+07  0.2214E+06  0.9273E+03  0.0000E+00  0.0000E+00
       1       58       58        0        0        0                         0.1239E+10  0.3301E+08  0.1081E+08  0.3199E+07  0.9803E+05  0.1522E+04  0.0000E+00  0.0000E+00
       1       59       59        0        0        0                         0.9579E+10  0.8281E+08  0.1749E+08  0.5229E+07  0.1625E+06  0.1504E+05  0.0000E+00  0.0000E+00
       1       60       60        0        0        0                         0.4228E+09  0.1157E+09  0.1191E+08  0.3526E+07  0.1357E+06  0.1650E+04  0.0000E+00  0.0000E+00
       1       61       61        0        0        0                         0.2903E+09  0.1452E+07  0.3450E+07  0.9471E+06  0.6181E+05  0.1969E+04  0.0000E+00  0.0000E+00
       1       62       62        0        0        0                         0.1869E+10  0.4734E+07  0.3624E+08  0.6979E+07  0.2228E+06  0.3038E+04  0.0000E+00  0.0000E+00
       1       63       63        0        0        0                         0.4273E+10  0.7536E+08  0.3110E+08  0.6866E+07  0.2542E+06  0.2177E+04  0.0000E+00  0.0000E+00
       1       64       64        0        0        0                         0.3604E+10  0.1971E+09  0.1406E+08  0.4170E+07  0.8304E+05  0.2433E+04  0.0000E+00  0.0000E+00
       1       65       65        0        0        0                         0.1211E+11  0.9697E+08  0.1501E+08  0.3468E+07  0.1776E+06  0.1496E+05  0.0000E+00  0.0000E+00
       1       66       66        0        0        0                         0.2053E+10  0.7636E+08  0.1876E+08  0.4149E+07  0.2461E+06  0.1162E+04  0.0000E+00  0.0000E+00
       1       67       67        0        0        0                         0.3635E+10  0.1757E+05  0.7917E+05  0.9849E+05  0.4646E+06  0.3914E+06  0.0000E+00  0.0000E+00
       1       68       68        0        0        0                         0.3803E+10  0.2523E+07  0.4417E+07  0.1301E+07  0.8283E+05  0.9337E+04  0.0000E+00  0.0000E+00
       1       69       69        0        0        0                         0.2146E+10  0.6873E+09  0.9722E+07  0.2880E+07  0.1444E+06  0.1280E+04  0.0000E+00  0.0000E+00
       1       70       70        0        0        0                         0.1327E+10  0.4775E+08  0.7510E+07  0.2227E+07  0.4836E+05  0.1255E+04  0.0000E+00  0.0000E+00
       1       71       71        0        0        0                         0.1530E+10  0.5693E+04  0.2268E+05  0.2802E+05  0.2098E+06  0.1265E+06  0.0000E+00  0.0000E+00
       1       72       72        0        0        0                         0.0000E+00  0.0000E+00  0.2290E-03  0.6869E-03  0.4579E-03  0.4579E-03  0.0000E+00  0.0000E+00
       1       73       73        0        0        0                         0.2111E+10  0.5071E+08  0.1461E+08  0.3226E+07  0.1310E+06  0.8624E+03  0.0000E+00  0.0000E+00
       1       74       74        0        0        0                         0.3808E+10  0.1569E+09  0.2142E+08  0.6355E+07  0.1953E+06  0.2947E+04  0.0000E+00  0.0000E+00
       1       75       75        0        0        0                         0.8935E+09  0.4122E+08  0.2589E+08  0.5716E+07  0.4828E+06  0.8018E+03  0.0000E+00  0.0000E+00
       1       76       76        0        0        0                         0.4974E+10  0.1240E+09  0.3715E+08  0.8205E+07  0.4992E+06  0.2893E+04  0.0000E+00  0.0000E+00
       1       77       77        0        0        0                         0.5287E+09  0.1932E+07  0.5625E+07  0.1575E+07  0.3575E+06  0.2991E+04  0.0000E+00  0.0000E+00
       1       78       78        0        0        0                         0.2807E+10  0.7206E+07  0.5249E+07  0.1217E+07  0.7824E+05  0.4201E+04  0.0000E+00  0.0000E+00
       1       79       79        0        0        0                         0.6245E+09  0.1133E+08  0.1153E+08  0.2537E+07  0.7756E+05  0.7525E+03  0.0000E+00  0.0000E+00
       1       80       80        0        0        0                         0.2284E+10  0.5040E+08  0.1583E+08  0.3495E+07  0.2158E+06  0.1269E+04  0.0000E+00  0.0000E+00
       1       81       81        0        0        0                         0.6447E+09  0.1742E+08  0.2074E+08  0.4571E+07  0.3531E+06  0.8857E+03  0.0000E+00  0.0000E+00
       1       82       82        0        0        0                         0.1731E+10  0.3771E+07  0.7539E+07  0.1788E+07  0.3685E+05  0.1722E+04  0.0000E+00  0.0000E+00
       1       83       83        0        0        0                         0.1875E+10  0.2371E+08  0.1138E+08  0.2728E+07  0.6450E+05  0.1189E+04  0.0000E+00  0.0000E+00
       1       84       84        0        0        0                         0.8407E+10  0.1272E+09  0.5522E+08  0.1219E+08  0.7411E+06  0.4185E+04  0.0000E+00  0.0000E+00
       1       85       85        0        0        0                         0.5197E+10  0.3458E+08  0.1043E+08  0.2367E+07  0.9605E+05  0.8468E+04  0.0000E+00  0.0000E+00
       1       86       86        0        0        0                         0.4285E+10  0.3295E+05  0.1276E+06  0.1518E+06  0.3491E+06  0.5612E+06  0.0000E+00  0.0000E+00
       1       87       87        0        0        0                         0.1637E+10  0.5910E+07  0.2772E+08  0.6944E+07  0.1633E+07  0.8631E+04  0.0000E+00  0.0000E+00
       1       88       88        0        0        0                         0.1831E+10  0.9153E+08  0.1407E+08  0.4176E+07  0.1434E+06  0.1406E+04  0.0000E+00  0.0000E+00
       1       89       89        0        0        0                         0.6974E+10  0.9717E+08  0.4910E+08  0.1083E+08  0.4248E+06  0.3733E+04  0.0000E+00  0.0000E+00
       1       90       90        0        0        0                         0.1642E+10  0.2532E+08  0.3519E+08  0.7753E+07  0.6320E+06  0.1751E+04  0.0000E+00  0.0000E+00
       1       91       91        0        0        0                         0.2548E+10  0.3501E+07  0.3720E+08  0.7134E+07  0.3035E+06  0.3380E+04  0.0000E+00  0.0000E+00
       1       92       92        0        0        0                         0.1182E+10  0.1178E+08  0.1958E+08  0.4301E+07  0.2065E+06  0.1142E+04  0.0000E+00  0.0000E+00
       1       93       93        0        0        0                         0.5316E+10  0.1856E+08  0.1077E+08  0.2507E+07  0.9287E+05  0.1171E+05  0.0000E+00  0.0000E+00
       1       94       94        0        0        0                         0.5189E+10  0.1659E+09  0.4601E+08  0.1017E+08  0.7230E+06  0.2637E+04  0.0000E+00  0.0000E+00
       1       95       95        0        0        0                         0.3684E+09  0.8132E+07  0.9847E+07  0.2321E+07  0.1063E+06  0.8931E+03  0.0000E+00  0.0000E+00
       1       96       96        0        0        0                         0.2187E+10  0.6005E+08  0.2038E+08  0.4901E+07  0.2189E+06  0.1339E+04  0.0000E+00  0.0000E+00
       1       97       97        0        0        0                         0.1617E+10  0.1731E+07  0.2995E+07  0.8966E+06  0.3791E+05  0.5185E+04  0.0000E+00  0.0000E+00
       1       98       98        0        0        0                         0.4207E+10  0.1102E+08  0.1055E+08  0.2460E+07  0.1025E+06  0.1046E+05  0.0000E+00  0.0000E+00
       1       99       99        0        0        0                         0.9266E+10  0.7797E+08  0.5758E+08  0.1379E+08  0.3585E+06  0.6333E+04  0.0000E+00  0.0000E+00
       1      100      100        0        0        0                         0.1116E+10  0.3376E+08  0.1366E+08  0.3018E+07  0.1871E+06  0.6240E+03  0.0000E+00  0.0000E+00
       1      101      101        0        0        0                         0.4554E+09  0.6881E+07  0.1037E+08  0.2279E+07  0.1172E+06  0.5398E+03  0.0000E+00  0.0000E+00
       1      102      102        0        0        0                         0.8392E+09  0.5567E+08  0.7287E+07  0.1612E+07  0.1192E+06  0.4341E+03  0.0000E+00  0.0000E+00
       1      103      103        0        0        0                         0.1692E+11  0.1852E+09  0.2028E+08  0.4775E+07  0.2591E+06  0.2057E+05  0.0000E+00  0.0000E+00
       1      104      104        0        0        0                         0.3147E+10  0.1915E+09  0.2955E+08  0.8768E+07  0.3047E+06  0.2770E+04  0.0000E+00  0.0000E+00
       1      105      105        0        0        0                         0.6183E+09  0.3309E+08  0.9442E+07  0.2088E+07  0.1711E+06  0.3275E+03  0.0000E+00  0.0000E+00
       1      106      106        0        0        0                         0.4406E+09  0.3639E+08  0.1460E+08  0.4323E+07  0.1347E+06  0.1496E+04  0.0000E+00  0.0000E+00
       1      107      107        0        0        0                         0.3399E+10  0.2298E+07  0.5014E+07  0.1150E+07  0.1021E+06  0.5027E+04  0.0000E+00  0.0000E+00
       1      108      108        0        0        0                         0.3325E+10  0.2118E+08  0.7395E+07  0.1770E+07  0.1012E+06  0.4963E+04  0.0000E+00  0.0000E+00
       1      109      109        0        0        0                         0.1199E+11  0.1844E+09  0.9239E+08  0.2040E+08  0.1358E+07  0.6429E+04  0.0000E+00  0.0000E+00
       1      110      110        0        0        0                         0.3454E+09  0.1416E+07  0.3400E+07  0.9066E+06  0.7909E+05  0.2295E+04  0.0000E+00  0.0000E+00
       1      111      111        0        0        0                         0.1029E+10  0.6279E+08  0.8437E+07  0.2502E+07  0.7602E+05  0.9020E+03  0.0000E+00  0.0000E+00
       1      112      112        0        0        0                         0.8699E+09  0.2391E+09  0.1494E+08  0.4488E+07  0.1547E+06  0.2459E+04  0.0000E+00  0.0000E+00
       1      113      113        0        0        0                         0.2654E+10  0.2655E+05  0.9707E+05  0.1182E+06  0.2357E+06  0.3344E+06  0.0000E+00  0.0000E+00
       1      114      114        0        0        0                         0.9742E+08  0.2111E+07  0.4232E+07  0.9282E+06  0.4626E+05  0.2453E+03  0.0000E+00  0.0000E+00
       1      115      115        0        0        0                         0.1941E+10  0.2414E+08  0.2779E+08  0.6119E+07  0.4457E+06  0.1414E+04  0.0000E+00  0.0000E+00
       1      116      116        0        0        0                         0.4008E+10  0.2084E+09  0.3273E+08  0.9659E+07  0.2869E+06  0.7433E+04  0.0000E+00  0.0000E+00
       1      117      117        0        0        0                         0.4101E+10  0.4815E+07  0.8021E+07  0.1854E+07  0.1437E+06  0.5892E+04  0.0000E+00  0.0000E+00
       1      118      118        0        0        0                         0.3874E+10  0.9369E+08  0.1135E+08  0.3410E+07  0.1172E+06  0.3861E+04  0.0000E+00  0.0000E+00
       1      119      119        0        0        0                         0.1013E+09  0.1310E+07  0.2070E+07  0.5692E+06  0.4207E+05  0.8245E+03  0.0000E+00  0.0000E+00
       1      120      120        0        0        0                         0.5484E+09  0.6100E+07  0.1266E+08  0.3213E+07  0.3341E+06  0.3098E+04  0.0000E+00  0.0000E+00
       1      121      121        0        0        0                         0.1772E+10  0.9954E+08  0.1032E+08  0.3062E+07  0.8941E+05  0.1428E+04  0.0000E+00  0.0000E+00
       1      122      122        0        0        0                         0.2447E+09  0.4134E+08  0.4781E+07  0.1409E+07  0.4993E+05  0.4156E+03  0.0000E+00  0.0000E+00
       1      123      123        0        0        0                         0.1313E+10  0.1730E+08  0.5276E+07  0.1185E+07  0.7337E+05  0.4198E+03  0.0000E+00  0.0000E+00
       1      124      124        0        0        0                         0.9638E+09  0.1995E+08  0.9530E+07  0.2103E+07  0.3487E+05  0.7230E+03  0.0000E+00  0.0000E+00
       1      125      125        0        0        0                         0.9296E+08  0.1747E+08  0.1790E+07  0.5276E+06  0.1991E+05  0.1491E+03  0.0000E+00  0.0000E+00
       1      126      126        0        0        0                         0.1082E+10  0.3179E+08  0.1839E+08  0.4063E+07  0.2676E+06  0.8653E+03  0.0000E+00  0.0000E+00
       1      127      127        0        0        0                         0.7668E+09  0.1652E+08  0.1215E+08  0.2681E+07  0.8068E+05  0.8127E+03  0.0000E+00  0.0000E+00
       1      128      128        0        0        0                         0.1463E+11  0.8969E+09  0.9300E+08  0.2747E+08  0.1203E+07  0.1213E+05  0.0000E+00  0.0000E+00
       1      129      129        0        0        0                         0.2241E+10  0.1737E+09  0.1657E+08  0.4878E+07  0.1620E+06  0.2288E+04  0.0000E+00  0.0000E+00
       1      130      130        0        0        0                         0.1825E+10  0.5126E+08  0.1838E+08  0.5428E+07  0.1498E+06  0.5082E+04  0.0000E+00  0.0000E+00
       1      131      131        0        0        0                         0.2022E+09  0.1939E+08  0.8136E+07  0.2405E+07  0.1035E+06  0.5308E+03  0.0000E+00  0.0000E+00
       1      132      132        0        0        0                         0.2160E+09  0.2050E+07  0.1651E+07  0.4934E+06  0.1250E+05  0.1011E+04  0.0000E+00  0.0000E+00
       1      133      133        0        0        0                         0.1152E+10  0.2191E+08  0.2364E+08  0.6316E+07  0.3359E+06  0.8137E+04  0.0000E+00  0.0000E+00
       1      134      134        0        0        0                         0.5238E+10  0.8007E+09  0.3854E+08  0.1122E+08  0.4488E+06  0.5619E+04  0.0000E+00  0.0000E+00
       1      135      135        0        0        0                         0.1606E+10  0.8531E+08  0.1471E+08  0.4361E+07  0.1466E+06  0.1403E+04  0.0000E+00  0.0000E+00
       1      136      136        0        0        0                         0.3301E+09  0.2136E+08  0.7256E+07  0.2146E+07  0.7671E+05  0.5917E+03  0.0000E+00  0.0000E+00
       1      137      137        0        0        0                         0.2873E+10  0.4868E+09  0.1461E+08  0.4261E+07  0.2058E+06  0.1598E+04  0.0000E+00  0.0000E+00
       1      138      138        0        0        0                         0.6439E+09  0.3400E+08  0.9465E+07  0.2802E+07  0.9454E+05  0.8799E+03  0.0000E+00  0.0000E+00
       1      139      139        0        0        0                         0.3113E+09  0.1723E+08  0.8231E+07  0.2430E+07  0.7633E+05  0.9038E+03  0.0000E+00  0.0000E+00
       1      140      140        0        0        0                         0.4724E+09  0.4770E+08  0.1753E+08  0.5187E+07  0.2088E+06  0.1236E+04  0.0000E+00  0.0000E+00
       1      141      141        0        0        0                         0.5099E+09  0.3784E+07  0.7422E+07  0.2035E+07  0.1292E+06  0.3312E+04  0.0000E+00  0.0000E+00
       1      142      142        0        0        0                         0.3716E+10  0.2429E+07  0.6709E+07  0.1523E+07  0.1343E+06  0.7490E+04  0.0000E+00  0.0000E+00
       1      143      143        0        0        0                         0.8396E+09  0.9803E+07  0.1221E+08  0.3451E+07  0.7313E+05  0.7076E+04  0.0000E+00  0.0000E+00
       1      144      144        0        0        0                         0.2713E+09  0.1129E+08  0.6511E+07  0.1921E+07  0.2869E+05  0.1088E+04  0.0000E+00  0.0000E+00
       1      145      145        0        0        0                         0.2264E+10  0.5849E+06  0.2969E+07  0.6831E+06  0.1161E+06  0.4276E+04  0.0000E+00  0.0000E+00
       1      146      146        0        0        0                         0.2885E+09  0.1714E+08  0.4240E+07  0.1244E+07  0.1737E+05  0.8379E+03  0.0000E+00  0.0000E+00
       1      147      147        0        0        0                         0.2015E+10  0.2283E+08  0.1580E+08  0.4787E+07  0.8976E+05  0.3010E+04  0.0000E+00  0.0000E+00
       1      148      148        0        0        0                         0.3598E+10  0.2834E+08  0.1499E+08  0.4467E+07  0.1429E+06  0.7640E+04  0.0000E+00  0.0000E+00
       1      149      149        0        0        0                         0.2242E+11  0.5639E+08  0.5125E+08  0.1218E+08  0.7533E+06  0.3635E+05  0.0000E+00  0.0000E+00
       1      150      150        0        0        0                         0.4396E+10  0.3216E+08  0.9545E+07  0.2899E+07  0.8939E+05  0.7332E+04  0.0000E+00  0.0000E+00
       1      151      151        0        0        0                         0.1683E+11  0.5156E+09  0.2810E+08  0.6496E+07  0.4107E+07  0.1212E+05  0.0000E+00  0.0000E+00
       1      152      152        0        0        0                         0.2323E+11  0.6702E+09  0.2574E+08  0.5888E+07  0.5858E+07  0.1072E+05  0.0000E+00  0.0000E+00
       1      153      153        0        0        0                         0.8604E+10  0.2698E+09  0.9130E+07  0.2087E+07  0.2139E+07  0.4326E+04  0.0000E+00  0.0000E+00
       1      154      154        0        0        0                         0.1900E+11  0.2233E+09  0.2590E+08  0.5916E+07  0.3819E+07  0.8325E+04  0.0000E+00  0.0000E+00
       2      155        1        1        1        0                         0.3313E+10  0.1248E+08  0.7981E+08  0.1509E+08  0.4438E+06  0.1615E+05  0.0000E+00  0.0000E+00
       2      156        2        2        2        0                         0.3536E+10  0.5248E+08  0.2411E+08  0.5279E+07  0.9220E+05  0.8260E+04  0.0000E+00  0.0000E+00
       2      157        3        3        3        0                         0.2098E+10  0.4011E+08  0.1727E+08  0.3804E+07  0.1409E+06  0.3473E+04  0.0000E+00  0.0000E+00
       2      158        4        4        4        0                         0.4590E+10  0.1936E+07  0.4888E+07  0.1104E+07  0.1378E+06  0.1031E+05  0.0000E+00  0.0000E+00
       2      159        5        5        5        0                         0.1650E+10  0.7184E+06  0.1501E+07  0.4363E+06  0.5851E+05  0.8584E+04  0.0000E+00  0.0000E+00
       2      160        6        6        6        0                         0.3737E+10  0.8189E+09  0.2009E+08  0.4440E+07  0.4359E+06  0.2933E+04  0.0000E+00  0.0000E+00
       2      161        7        7        7        0                         0.2331E+09  0.1905E+07  0.3021E+07  0.8067E+06  0.5666E+05  0.1876E+04  0.0000E+00  0.0000E+00
       2      162        8        8        8        0                         0.1817E+10  0.3490E+08  0.3839E+08  0.8327E+07  0.3753E+06  0.5630E+04  0.0000E+00  0.0000E+00
       2      163        9        9        9        0                         0.3103E+09  0.1330E+06  0.3060E+07  0.5690E+06  0.6227E+06  0.9902E+03  0.0000E+00  0.0000E+00
       2      164       10       10       10        0                         0.2510E+10  0.3272E+08  0.3091E+08  0.7155E+07  0.7407E+05  0.1021E+05  0.0000E+00  0.0000E+00
       2      165       11       11       11        0                         0.1800E+10  0.3735E+08  0.1908E+08  0.5519E+07  0.8440E+05  0.8051E+04  0.0000E+00  0.0000E+00
       2      166       12       12       12        0                         0.3903E+10  0.4460E+07  0.7315E+07  0.1688E+07  0.1028E+06  0.1230E+05  0.0000E+00  0.0000E+00
       2      167       13       13       13        0                         0.9995E+10  0.1657E+09  0.7033E+08  0.1520E+08  0.6401E+06  0.1707E+05  0.0000E+00  0.0000E+00
       2      168       14       14       14        0                         0.4493E+10  0.1102E+09  0.2500E+08  0.5489E+07  0.3289E+06  0.7258E+04  0.0000E+00  0.0000E+00
       2      169       15       15       15        0                         0.3533E+10  0.5730E+08  0.3083E+08  0.6633E+07  0.2165E+06  0.8127E+04  0.0000E+00  0.0000E+00
       2      170       16       16       16        0                         0.2246E+10  0.6122E+08  0.1307E+08  0.2879E+07  0.1154E+06  0.2758E+04  0.0000E+00  0.0000E+00
       2      171       17       17       17        0                         0.2800E+10  0.1170E+09  0.1960E+08  0.5740E+07  0.1120E+06  0.7367E+04  0.0000E+00  0.0000E+00
       2      172       18       18       18        0                         0.1497E+10  0.6258E+08  0.1545E+08  0.4507E+07  0.1353E+06  0.5348E+04  0.0000E+00  0.0000E+00
       2      173       19       19       19        0                         0.1862E+10  0.3226E+09  0.1281E+08  0.2835E+07  0.2705E+06  0.1793E+04  0.0000E+00  0.0000E+00
       2      174       20       20       20        0                         0.9445E+08  0.3439E+06  0.6793E+06  0.1582E+06  0.8092E+05  0.1719E+03  0.0000E+00  0.0000E+00
       2      175       21       21       21        0                         0.2444E+10  0.4521E+07  0.4175E+08  0.7931E+07  0.3169E+06  0.8854E+04  0.0000E+00  0.0000E+00
       2      176       22       22       22        0                         0.3369E+10  0.4917E+08  0.2312E+08  0.5056E+07  0.2016E+06  0.5017E+04  0.0000E+00  0.0000E+00
       2      177       23       23       23        0                         0.5068E+10  0.1051E+09  0.4157E+08  0.9107E+07  0.6454E+06  0.7296E+04  0.0000E+00  0.0000E+00
       2      178       24       24       24        0                         0.1910E+09  0.8021E+07  0.5115E+07  0.1498E+07  0.2664E+05  0.1926E+04  0.0000E+00  0.0000E+00
       2      179       25       25       25        0                         0.1584E+10  0.4573E+08  0.2508E+08  0.5514E+07  0.3919E+06  0.3025E+04  0.0000E+00  0.0000E+00
       2      180       26       26       26        0                         0.8596E+09  0.5472E+08  0.1016E+08  0.2996E+07  0.9192E+05  0.3641E+04  0.0000E+00  0.0000E+00
       2      181       27       27       27        0                         0.1165E+10  0.6237E+07  0.1016E+08  0.2395E+07  0.3691E+05  0.6580E+04  0.0000E+00  0.0000E+00
       2      182       28       28       28        0                         0.1378E+10  0.2815E+08  0.1208E+08  0.2897E+07  0.7698E+05  0.2687E+04  0.0000E+00  0.0000E+00
       2      183       29       29       29        0                         0.2102E+10  0.9004E+08  0.1683E+08  0.3715E+07  0.2476E+06  0.2724E+04  0.0000E+00  0.0000E+00
       2      184       30       30       30        0                         0.3121E+10  0.6913E+07  0.7615E+07  0.1743E+07  0.1100E+06  0.9419E+04  0.0000E+00  0.0000E+00
       2      185       31       31       31        0                         0.1797E+10  0.6508E+08  0.2085E+08  0.4585E+07  0.3206E+06  0.2879E+04  0.0000E+00  0.0000E+00
       2      186       32       32       32        0                         0.1719E+10  0.1635E+05  0.5876E+05  0.7302E+05  0.2131E+06  0.2233E+06  0.0000E+00  0.0000E+00
       2      187       33       33       33        0                         0.1971E+10  0.8409E-05  0.7462E-03  0.1939E-01  0.5828E+05  0.2129E+03  0.0000E+00  0.0000E+00
       2      188       34       34       34        0                         0.1092E+10  0.2331E+08  0.2291E+08  0.5420E+07  0.1614E+06  0.4703E+04  0.0000E+00  0.0000E+00
       2      189       35       35       35        0                         0.1616E+10  0.6311E+08  0.1527E+08  0.4477E+07  0.1466E+06  0.5329E+04  0.0000E+00  0.0000E+00
       2      190       36       36       36        0                         0.5191E+10  0.7586E+08  0.4441E+08  0.9681E+07  0.3796E+06  0.8676E+04  0.0000E+00  0.0000E+00
       2      191       37       37       37        0                         0.2990E+10  0.4379E+08  0.2028E+08  0.4461E+07  0.1461E+06  0.6477E+04  0.0000E+00  0.0000E+00
       2      192       38       38       38        0                         0.3549E+10  0.2611E+05  0.9843E+05  0.1205E+06  0.3297E+06  0.4279E+06  0.0000E+00  0.0000E+00
       2      193       39       39       39        0                         0.2817E+10  0.3596E+08  0.2718E+08  0.5879E+07  0.1396E+06  0.8085E+04  0.0000E+00  0.0000E+00
       2      194       40       40       40        0                         0.2693E+10  0.6403E+08  0.1810E+08  0.3987E+07  0.2323E+06  0.3795E+04  0.0000E+00  0.0000E+00
       2      195       41       41       41        0                         0.4682E+10  0.1622E+07  0.4361E+07  0.9883E+06  0.7660E+05  0.1135E+05  0.0000E+00  0.0000E+00
       2      196       42       42       42        0                         0.2151E+10  0.2148E+08  0.2356E+08  0.5169E+07  0.1595E+06  0.5104E+04  0.0000E+00  0.0000E+00
       2      197       43       43       43        0                         0.2796E+10  0.1124E+09  0.2130E+08  0.4699E+07  0.3004E+06  0.4170E+04  0.0000E+00  0.0000E+00
       2      198       44       44       44        0                         0.8026E+10  0.7943E+05  0.3213E+06  0.3942E+06  0.6686E+06  0.1005E+07  0.0000E+00  0.0000E+00
       2      199       45       45       45        0                         0.2523E+10  0.3670E+08  0.2433E+08  0.5317E+07  0.1234E+06  0.6802E+04  0.0000E+00  0.0000E+00
       2      200       46       46       46        0                         0.2086E+10  0.4018E+08  0.1786E+08  0.3921E+07  0.2516E+06  0.3310E+04  0.0000E+00  0.0000E+00
       2      201       47       47       47        0                         0.4983E+10  0.1444E+09  0.2689E+08  0.5908E+07  0.3605E+06  0.6393E+04  0.0000E+00  0.0000E+00
       2      202       48       48       48        0                         0.1227E+10  0.5009E+08  0.3333E+08  0.7306E+07  0.6823E+06  0.2680E+04  0.0000E+00  0.0000E+00
       2      203       49       49       49        0                         0.1848E+10  0.1150E+09  0.1042E+08  0.3085E+07  0.6537E+05  0.4534E+04  0.0000E+00  0.0000E+00
       2      204       50       50       50        0                         0.1441E+10  0.6624E+04  0.2339E+05  0.3020E+05  0.3743E+06  0.1253E+06  0.0000E+00  0.0000E+00
       2      205       51       51       51        0                         0.4960E+09  0.2480E+06  0.5764E+07  0.1049E+07  0.9074E+06  0.2229E+04  0.0000E+00  0.0000E+00
       2      206       52       52       52        0                         0.2741E+10  0.3241E+08  0.1874E+08  0.4106E+07  0.3110E+06  0.2661E+04  0.0000E+00  0.0000E+00
       2      207       53       53       53        0                         0.3067E+10  0.2893E+07  0.4268E+07  0.9771E+06  0.6898E+05  0.7324E+04  0.0000E+00  0.0000E+00
       2      208       54       54       54        0                         0.6547E+09  0.2323E+04  0.1880E+05  0.4231E+04  0.2892E+05  0.7444E+02  0.0000E+00  0.0000E+00
       2      209       55       55       55        0                         0.3260E+10  0.1115E+09  0.2181E+08  0.4795E+07  0.1615E+06  0.5829E+04  0.0000E+00  0.0000E+00
       2      210       56       56       56        0                         0.1594E+10  0.8068E+04  0.2925E+05  0.3677E+05  0.2884E+06  0.1771E+06  0.0000E+00  0.0000E+00
       2      211       57       57       57        0                         0.1674E+10  0.2868E+08  0.1591E+08  0.3502E+07  0.2205E+06  0.2780E+04  0.0000E+00  0.0000E+00
       2      212       58       58       58        0                         0.1228E+10  0.3301E+08  0.1059E+08  0.3100E+07  0.9340E+05  0.4553E+04  0.0000E+00  0.0000E+00
       2      213       59       59       59        0                         0.9558E+10  0.8281E+08  0.1737E+08  0.5171E+07  0.1594E+06  0.4064E+05  0.0000E+00  0.0000E+00
       2      214       60       60       60        0                         0.4204E+09  0.1157E+09  0.1189E+08  0.3514E+07  0.1336E+06  0.4766E+04  0.0000E+00  0.0000E+00
       2      215       61       61       61        0                         0.2868E+09  0.1452E+07  0.3424E+07  0.9366E+06  0.6072E+05  0.5634E+04  0.0000E+00  0.0000E+00
       2      216       64       64       64        0                         0.3597E+10  0.1971E+09  0.1399E+08  0.4137E+07  0.8138E+05  0.7257E+04  0.0000E+00  0.0000E+00
       2      217       65       65       65        0                         0.1210E+11  0.9697E+08  0.1497E+08  0.3453E+07  0.1771E+06  0.2601E+05  0.0000E+00  0.0000E+00
       2      218       66       66       66        0                         0.2048E+10  0.7636E+08  0.1866E+08  0.4115E+07  0.2449E+06  0.3484E+04  0.0000E+00  0.0000E+00
       2      219       67       67       67        0                         0.3620E+10  0.1757E+05  0.7840E+05  0.9704E+05  0.4604E+06  0.3923E+06  0.0000E+00  0.0000E+00
       2      220       68       68       68        0                         0.3774E+10  0.2523E+07  0.4342E+07  0.1267E+07  0.8066E+05  0.2289E+05  0.0000E+00  0.0000E+00
       2      221       69       69       69        0                         0.2140E+10  0.6873E+09  0.9681E+07  0.2861E+07  0.1432E+06  0.2904E+04  0.0000E+00  0.0000E+00
       2      222       70       70       70        0                         0.1327E+10  0.4775E+08  0.7508E+07  0.2226E+07  0.4831E+05  0.2108E+04  0.0000E+00  0.0000E+00
       2      223       71       71       71        0                         0.1522E+10  0.5693E+04  0.2251E+05  0.2769E+05  0.2075E+06  0.1267E+06  0.0000E+00  0.0000E+00
       2      224       74       74       74        0                         0.3787E+10  0.1569E+09  0.2107E+08  0.6192E+07  0.1893E+06  0.8824E+04  0.0000E+00  0.0000E+00
       2      225       75       75       75        0                         0.8744E+09  0.4122E+08  0.2541E+08  0.5560E+07  0.4728E+06  0.2398E+04  0.0000E+00  0.0000E+00
       2      226       76       76       76        0                         0.4944E+10  0.1240E+09  0.3645E+08  0.7971E+07  0.4924E+06  0.8600E+04  0.0000E+00  0.0000E+00
       2      227       77       77       77        0                         0.5124E+09  0.1932E+07  0.5501E+07  0.1523E+07  0.3324E+06  0.8946E+04  0.0000E+00  0.0000E+00
       2      228       78       78       78        0                         0.2805E+10  0.7206E+07  0.5239E+07  0.1213E+07  0.7810E+05  0.6127E+04  0.0000E+00  0.0000E+00
       2      229       79       79       79        0                         0.6190E+09  0.1133E+08  0.1142E+08  0.2503E+07  0.7532E+05  0.2253E+04  0.0000E+00  0.0000E+00
       2      230       80       80       80        0                         0.2278E+10  0.5040E+08  0.1573E+08  0.3463E+07  0.2147E+06  0.3755E+04  0.0000E+00  0.0000E+00
       2      231       81       81       81        0                         0.6256E+09  0.1742E+08  0.2030E+08  0.4430E+07  0.3398E+06  0.2648E+04  0.0000E+00  0.0000E+00
       2      232       84       84       84        0                         0.8353E+10  0.1272E+09  0.5368E+08  0.1168E+08  0.7321E+06  0.1253E+05  0.0000E+00  0.0000E+00
       2      233       85       85       85        0                         0.5195E+10  0.3458E+08  0.1042E+08  0.2364E+07  0.9588E+05  0.1107E+05  0.0000E+00  0.0000E+00
       2      234       86       86       86        0                         0.4274E+10  0.3295E+05  0.1267E+06  0.1502E+06  0.3476E+06  0.5623E+06  0.0000E+00  0.0000E+00
       2      235       87       87       87        0                         0.1575E+10  0.5910E+07  0.2617E+08  0.6377E+07  0.1485E+07  0.2570E+05  0.0000E+00  0.0000E+00
       2      236       88       88       88        0                         0.1813E+10  0.9153E+08  0.1376E+08  0.4033E+07  0.1383E+06  0.4204E+04  0.0000E+00  0.0000E+00
       2      237       89       89       89        0                         0.6917E+10  0.9717E+08  0.4742E+08  0.1028E+08  0.4135E+06  0.1116E+05  0.0000E+00  0.0000E+00
       2      238       90       90       90        0                         0.1592E+10  0.2532E+08  0.3353E+08  0.7213E+07  0.6094E+06  0.5221E+04  0.0000E+00  0.0000E+00
       2      239       92       92       92        0                         0.1165E+10  0.1178E+08  0.1907E+08  0.4137E+07  0.1993E+06  0.3414E+04  0.0000E+00  0.0000E+00
       2      240       93       93       93        0                         0.5313E+10  0.1856E+08  0.1075E+08  0.2500E+07  0.9259E+05  0.1649E+05  0.0000E+00  0.0000E+00
       2      241       95       95       95        0                         0.3599E+09  0.8132E+07  0.9688E+07  0.2265E+07  0.9997E+05  0.2671E+04  0.0000E+00  0.0000E+00
       2      242       97       97       97        0                         0.1609E+10  0.1731E+07  0.2970E+07  0.8850E+06  0.3717E+05  0.9909E+04  0.0000E+00  0.0000E+00
       2      243       98       98       98        0                         0.4202E+10  0.1102E+08  0.1052E+08  0.2450E+07  0.1021E+06  0.1702E+05  0.0000E+00  0.0000E+00
       2      244      101      101      101        0                         0.4501E+09  0.6881E+07  0.1024E+08  0.2235E+07  0.1145E+06  0.1615E+04  0.0000E+00  0.0000E+00
       5      245      105      210        0        0                         0.2212E+10  0.3310E+08  0.9472E+07  0.2125E+07  0.4596E+06  0.1774E+06  0.0000E+00  0.0000E+00
       5      246      245      219        0        0                         0.5833E+10  0.3311E+08  0.9550E+07  0.2222E+07  0.9200E+06  0.5697E+06  0.0000E+00  0.0000E+00
       5      247      246      223        0        0                         0.7355E+10  0.3312E+08  0.9573E+07  0.2249E+07  0.1128E+07  0.6964E+06  0.0000E+00  0.0000E+00
       2      248      105      247      105        0                         0.7318E+10  0.1846E+07  0.9449E+07  0.2204E+07  0.1112E+07  0.7292E+06  0.0000E+00  0.0000E+00
       5      249      103      233        0        0                         0.2211E+11  0.2198E+09  0.3070E+08  0.7139E+07  0.3550E+06  0.3165E+05  0.0000E+00  0.0000E+00
       5      250      249      240        0        0                         0.2742E+11  0.2383E+09  0.4145E+08  0.9640E+07  0.4475E+06  0.4814E+05  0.0000E+00  0.0000E+00
       5      251      250      243        0        0                         0.3162E+11  0.2493E+09  0.5197E+08  0.1209E+08  0.5496E+06  0.6516E+05  0.0000E+00  0.0000E+00
       2      252      103      251      103        0                         0.3159E+11  0.1361E+08  0.5164E+08  0.1197E+08  0.5452E+06  0.1479E+06  0.0000E+00  0.0000E+00
       5      253      102      197        0        0                         0.3635E+10  0.1680E+09  0.2858E+08  0.6311E+07  0.4196E+06  0.4604E+04  0.0000E+00  0.0000E+00
       5      254      253      226        0        0                         0.8579E+10  0.2920E+09  0.6504E+08  0.1428E+08  0.9120E+06  0.1320E+05  0.0000E+00  0.0000E+00
       2      255      102      254      102        0                         0.8561E+10  0.2402E+07  0.6456E+08  0.1412E+08  0.9090E+06  0.3855E+05  0.0000E+00  0.0000E+00
       5      256       94      191        0        0                         0.8179E+10  0.2097E+09  0.6629E+08  0.1463E+08  0.8691E+06  0.9114E+04  0.0000E+00  0.0000E+00
       5      257      256      209        0        0                         0.1144E+11  0.3212E+09  0.8811E+08  0.1943E+08  0.1031E+07  0.1494E+05  0.0000E+00  0.0000E+00
       2      258       94      257       94        0                         0.1137E+11  0.3298E+07  0.8619E+08  0.1878E+08  0.1014E+07  0.4475E+05  0.0000E+00  0.0000E+00
       5      259       73      157        0        0                         0.4209E+10  0.9082E+08  0.3188E+08  0.7030E+07  0.2719E+06  0.4335E+04  0.0000E+00  0.0000E+00
       5      260      259      176        0        0                         0.7577E+10  0.1400E+09  0.5499E+08  0.1209E+08  0.4735E+06  0.9352E+04  0.0000E+00  0.0000E+00
       5      261      260      199        0        0                         0.1010E+11  0.1767E+09  0.7932E+08  0.1740E+08  0.5969E+06  0.1615E+05  0.0000E+00  0.0000E+00
       2      262       73      261       73        0                         0.1006E+11  0.1996E+07  0.7763E+08  0.1684E+08  0.5910E+06  0.4839E+05  0.0000E+00  0.0000E+00
       5      263       72      163        0        0                         0.3103E+09  0.1330E+06  0.3060E+07  0.5690E+06  0.6227E+06  0.9902E+03  0.0000E+00  0.0000E+00
       5      264      263      164        0        0                         0.2821E+10  0.3285E+08  0.3397E+08  0.7724E+07  0.6968E+06  0.1120E+05  0.0000E+00  0.0000E+00
       5      265      264      187        0        0                         0.4792E+10  0.3285E+08  0.3397E+08  0.7724E+07  0.7551E+06  0.1141E+05  0.0000E+00  0.0000E+00
       5      266      265      205        0        0                         0.5287E+10  0.3310E+08  0.3973E+08  0.8773E+07  0.1662E+07  0.1364E+05  0.0000E+00  0.0000E+00
       2      267       72      266       72        0                         0.5189E+10  0.3987E+06  0.3755E+08  0.8068E+07  0.1648E+07  0.4061E+05  0.0000E+00  0.0000E+00
       5      268       63      194        0        0                         0.6966E+10  0.1394E+09  0.4920E+08  0.1085E+08  0.4865E+06  0.5972E+04  0.0000E+00  0.0000E+00
       5      269      268      206        0        0                         0.9707E+10  0.1718E+09  0.6794E+08  0.1496E+08  0.7975E+06  0.8633E+04  0.0000E+00  0.0000E+00
       2      270       63      269       63        0                         0.9665E+10  0.2013E+07  0.6654E+08  0.1449E+08  0.7891E+06  0.2586E+05  0.0000E+00  0.0000E+00
       5      271       62      155        0        0                         0.5182E+10  0.1722E+08  0.1160E+09  0.2207E+08  0.6666E+06  0.1919E+05  0.0000E+00  0.0000E+00
       5      272      271      156        0        0                         0.8718E+10  0.6970E+08  0.1402E+09  0.2735E+08  0.7588E+06  0.2745E+05  0.0000E+00  0.0000E+00
       2      273       62      272       62        0                         0.8687E+10  0.1313E+07  0.1367E+09  0.2632E+08  0.7547E+06  0.8221E+05  0.0000E+00  0.0000E+00
       5      274      136      167        0        0                         0.1032E+11  0.1870E+09  0.7759E+08  0.1735E+08  0.7168E+06  0.1766E+05  0.0000E+00  0.0000E+00
       5      275      274      229        0        0                         0.1094E+11  0.1983E+09  0.8901E+08  0.1985E+08  0.7921E+06  0.1991E+05  0.0000E+00  0.0000E+00
       5      276      275      237        0        0                         0.1786E+11  0.2955E+09  0.1364E+09  0.3013E+08  0.1206E+07  0.3108E+05  0.0000E+00  0.0000E+00
       2      277      136      276      136        0                         0.1781E+11  0.4520E+07  0.1340E+09  0.2932E+08  0.1200E+07  0.9312E+05  0.0000E+00  0.0000E+00
       5      278      126      177        0        0                         0.6150E+10  0.1369E+09  0.5996E+08  0.1317E+08  0.9131E+06  0.8161E+04  0.0000E+00  0.0000E+00
       5      279      278      211        0        0                         0.7824E+10  0.1656E+09  0.7587E+08  0.1667E+08  0.1134E+07  0.1094E+05  0.0000E+00  0.0000E+00
       2      280      126      279      126        0                         0.7786E+10  0.1591E+07  0.7458E+08  0.1624E+08  0.1126E+07  0.3279E+05  0.0000E+00  0.0000E+00
       5      281      121      216        0        0                         0.5369E+10  0.2966E+09  0.2431E+08  0.7199E+07  0.1708E+06  0.8685E+04  0.0000E+00  0.0000E+00
       5      282      281      232        0        0                         0.1372E+11  0.4238E+09  0.7799E+08  0.1887E+08  0.9029E+06  0.2121E+05  0.0000E+00  0.0000E+00
       2      283      121      282      121        0                         0.1370E+11  0.3644E+07  0.7732E+08  0.1863E+08  0.9000E+06  0.6360E+05  0.0000E+00  0.0000E+00
       5      284      120      162        0        0                         0.2366E+10  0.4100E+08  0.5105E+08  0.1154E+08  0.7095E+06  0.8727E+04  0.0000E+00  0.0000E+00
       5      285      284      238        0        0                         0.3958E+10  0.6631E+08  0.8457E+08  0.1875E+08  0.1319E+07  0.1395E+05  0.0000E+00  0.0000E+00
       5      286      285      241        0        0                         0.4318E+10  0.7445E+08  0.9426E+08  0.2102E+08  0.1419E+07  0.1662E+05  0.0000E+00  0.0000E+00
       2      287      120      286      120        0                         0.4242E+10  0.6381E+06  0.9066E+08  0.1983E+08  0.1380E+07  0.4968E+05  0.0000E+00  0.0000E+00
       5      288      118      159        0        0                         0.5523E+10  0.9441E+08  0.1285E+08  0.3847E+07  0.1757E+06  0.1244E+05  0.0000E+00  0.0000E+00
       5      289      288      220        0        0                         0.9298E+10  0.9693E+08  0.1719E+08  0.5114E+07  0.2564E+06  0.3533E+05  0.0000E+00  0.0000E+00
       5      290      289      242        0        0                         0.1091E+11  0.9866E+08  0.2016E+08  0.5999E+07  0.2936E+06  0.4524E+05  0.0000E+00  0.0000E+00
       2      291      118      290      118        0                         0.1087E+11  0.2737E+07  0.1988E+08  0.5868E+07  0.2898E+06  0.9539E+05  0.0000E+00  0.0000E+00
       5      292      115      190        0        0                         0.7132E+10  0.1000E+09  0.7220E+08  0.1580E+08  0.8253E+06  0.1009E+05  0.0000E+00  0.0000E+00
       5      293      292      196        0        0                         0.9284E+10  0.1215E+09  0.9576E+08  0.2097E+08  0.9847E+06  0.1519E+05  0.0000E+00  0.0000E+00
       2      294      115      293      115        0                         0.9224E+10  0.1628E+07  0.9277E+08  0.1998E+08  0.9738E+06  0.4548E+05  0.0000E+00  0.0000E+00
       5      295      114      239        0        0                         0.1262E+10  0.1389E+08  0.2331E+08  0.5065E+07  0.2456E+06  0.3659E+04  0.0000E+00  0.0000E+00
       5      296      295      244        0        0                         0.1712E+10  0.2078E+08  0.3354E+08  0.7300E+07  0.3600E+06  0.5274E+04  0.0000E+00  0.0000E+00
       2      297      114      296      114        0                         0.1706E+10  0.2067E+06  0.3332E+08  0.7229E+07  0.3584E+06  0.1581E+05  0.0000E+00  0.0000E+00
       5      298      113      198        0        0                         0.1068E+11  0.1060E+06  0.4183E+06  0.5124E+06  0.9043E+06  0.1340E+07  0.0000E+00  0.0000E+00
       5      299      298      234        0        0                         0.1495E+11  0.1389E+06  0.5450E+06  0.6626E+06  0.1252E+07  0.1902E+07  0.0000E+00  0.0000E+00
       2      300      113      299      113        0                         0.1493E+11  0.1389E+06  0.5405E+06  0.6540E+06  0.1248E+07  0.1909E+07  0.0000E+00  0.0000E+00
       5      301      112      202        0        0                         0.2097E+10  0.2892E+09  0.4827E+08  0.1179E+08  0.8369E+06  0.5139E+04  0.0000E+00  0.0000E+00
       5      302      301      208        0        0                         0.2752E+10  0.2892E+09  0.4828E+08  0.1180E+08  0.8658E+06  0.5214E+04  0.0000E+00  0.0000E+00
       2      303      112      302      112        0                         0.2721E+10  0.5641E+06  0.4769E+08  0.1157E+08  0.8541E+06  0.1551E+05  0.0000E+00  0.0000E+00
       5      304      111      183        0        0                         0.3131E+10  0.1528E+09  0.2527E+08  0.6218E+07  0.3236E+06  0.3626E+04  0.0000E+00  0.0000E+00
       5      305      304      201        0        0                         0.8113E+10  0.2972E+09  0.5216E+08  0.1213E+08  0.6841E+06  0.1002E+05  0.0000E+00  0.0000E+00
       2      306      111      305      111        0                         0.8089E+10  0.2118E+07  0.5161E+08  0.1193E+08  0.6803E+06  0.3001E+05  0.0000E+00  0.0000E+00
       5      307      110      227        0        0                         0.8579E+09  0.3348E+07  0.8901E+07  0.2430E+07  0.4115E+06  0.1124E+05  0.0000E+00  0.0000E+00
       5      308      307      235        0        0                         0.2433E+10  0.9258E+07  0.3508E+08  0.8807E+07  0.1896E+07  0.3694E+05  0.0000E+00  0.0000E+00
       2      309      110      308      110        0                         0.2404E+10  0.2634E+06  0.3431E+08  0.8521E+07  0.1859E+07  0.1102E+06  0.0000E+00  0.0000E+00
       5      310      109      168        0        0                         0.1648E+11  0.2946E+09  0.1174E+09  0.2589E+08  0.1687E+07  0.1369E+05  0.0000E+00  0.0000E+00
       5      311      310      230        0        0                         0.1876E+11  0.3450E+09  0.1331E+09  0.2936E+08  0.1902E+07  0.1744E+05  0.0000E+00  0.0000E+00
       2      312      109      311      109        0                         0.1859E+11  0.5091E+07  0.1267E+09  0.2721E+08  0.1865E+07  0.5219E+05  0.0000E+00  0.0000E+00
       5      313      108      166        0        0                         0.7228E+10  0.2564E+08  0.1471E+08  0.3458E+07  0.2040E+06  0.1726E+05  0.0000E+00  0.0000E+00
       5      314      313      184        0        0                         0.1035E+11  0.3255E+08  0.2233E+08  0.5200E+07  0.3140E+06  0.2668E+05  0.0000E+00  0.0000E+00
       2      315      108      314      108        0                         0.1033E+11  0.3657E+07  0.2220E+08  0.5154E+07  0.3125E+06  0.5436E+05  0.0000E+00  0.0000E+00
       5      316      107      158        0        0                         0.7989E+10  0.4234E+07  0.9902E+07  0.2254E+07  0.2399E+06  0.1533E+05  0.0000E+00  0.0000E+00
       5      317      316      195        0        0                         0.1267E+11  0.5856E+07  0.1426E+08  0.3242E+07  0.3165E+06  0.2668E+05  0.0000E+00  0.0000E+00
       2      318      107      317      107        0                         0.1265E+11  0.3822E+07  0.1417E+08  0.3211E+07  0.3159E+06  0.4014E+05  0.0000E+00  0.0000E+00
       5      319      104      258        0        0                         0.1452E+11  0.1948E+09  0.1157E+09  0.2755E+08  0.1319E+07  0.4752E+05  0.0000E+00  0.0000E+00
       5      320      319      255        0        0                         0.2308E+11  0.1972E+09  0.1803E+09  0.4167E+08  0.2228E+07  0.8607E+05  0.0000E+00  0.0000E+00
       2      321      104      320      104        0                         0.2300E+11  0.6351E+07  0.1772E+09  0.4058E+08  0.2208E+07  0.2570E+06  0.0000E+00  0.0000E+00
       5      322       82      181        0        0                         0.2896E+10  0.1001E+08  0.1770E+08  0.4183E+07  0.7376E+05  0.8302E+04  0.0000E+00  0.0000E+00
       5      323      322      267        0        0                         0.8085E+10  0.1041E+08  0.5525E+08  0.1225E+08  0.1721E+07  0.4891E+05  0.0000E+00  0.0000E+00
       2      324       82      323       82        0                         0.8054E+10  0.2949E+06  0.5215E+08  0.1120E+08  0.1750E+07  0.1465E+06  0.0000E+00  0.0000E+00
       5      325      133      231        0        0                         0.1777E+10  0.3933E+08  0.4395E+08  0.1075E+08  0.6757E+06  0.1079E+05  0.0000E+00  0.0000E+00
       5      326      325      287        0        0                         0.6020E+10  0.3997E+08  0.1346E+09  0.3057E+08  0.2056E+07  0.6046E+05  0.0000E+00  0.0000E+00
       2      327      133      326      133        0                         0.5906E+10  0.1045E+07  0.1292E+09  0.2874E+08  0.2028E+07  0.1807E+06  0.0000E+00  0.0000E+00
       5      328      130      297        0        0                         0.3531E+10  0.5147E+08  0.5170E+08  0.1266E+08  0.5083E+06  0.2089E+05  0.0000E+00  0.0000E+00
       5      329      328      294        0        0                         0.1276E+11  0.5309E+08  0.1445E+09  0.3264E+08  0.1482E+07  0.6637E+05  0.0000E+00  0.0000E+00
       2      330      130      329      130        0                         0.1263E+11  0.2008E+07  0.1380E+09  0.3043E+08  0.1461E+07  0.1984E+06  0.0000E+00  0.0000E+00
       5      331      129      186        0        0                         0.3960E+10  0.1737E+09  0.1663E+08  0.4951E+07  0.3751E+06  0.2256E+06  0.0000E+00  0.0000E+00
       5      332      331      192        0        0                         0.7509E+10  0.1737E+09  0.1673E+08  0.5072E+07  0.7048E+06  0.6535E+06  0.0000E+00  0.0000E+00
       5      333      332      248        0        0                         0.1483E+11  0.1756E+09  0.2618E+08  0.7276E+07  0.1817E+07  0.1383E+07  0.0000E+00  0.0000E+00
       5      334      333      300        0        0                         0.2976E+11  0.1757E+09  0.2672E+08  0.7930E+07  0.3065E+07  0.3291E+07  0.0000E+00  0.0000E+00
       2      335      129      334      129        0                         0.2965E+11  0.8560E+07  0.2622E+08  0.7691E+07  0.3016E+07  0.3472E+07  0.0000E+00  0.0000E+00
       5      336      117      207        0        0                         0.7168E+10  0.7708E+07  0.1229E+08  0.2831E+07  0.2127E+06  0.1322E+05  0.0000E+00  0.0000E+00
       5      337      336      318        0        0                         0.1982E+11  0.1153E+08  0.2646E+08  0.6042E+07  0.5285E+06  0.5335E+05  0.0000E+00  0.0000E+00
       2      338      117      337      117        0                         0.1980E+11  0.5932E+07  0.2625E+08  0.5968E+07  0.5270E+06  0.8976E+05  0.0000E+00  0.0000E+00
       5      339       91      169        0        0                         0.6082E+10  0.6080E+08  0.6804E+08  0.1377E+08  0.5201E+06  0.1151E+05  0.0000E+00  0.0000E+00
       5      340      339      175        0        0                         0.8526E+10  0.6532E+08  0.1098E+09  0.2170E+08  0.8370E+06  0.2036E+05  0.0000E+00  0.0000E+00
       5      341      340      273        0        0                         0.1721E+11  0.6664E+08  0.2464E+09  0.4801E+08  0.1592E+07  0.1026E+06  0.0000E+00  0.0000E+00
       5      342      341      324        0        0                         0.2527E+11  0.6693E+08  0.2986E+09  0.5922E+08  0.3341E+07  0.2490E+06  0.0000E+00  0.0000E+00
       2      343       91      342       91        0                         0.2521E+11  0.4117E+07  0.2935E+09  0.5770E+08  0.3371E+07  0.7381E+06  0.0000E+00  0.0000E+00
       5      344      123      228        0        0                         0.4118E+10  0.2451E+08  0.1051E+08  0.2398E+07  0.1515E+06  0.6546E+04  0.0000E+00  0.0000E+00
       5      345      344      338        0        0                         0.2391E+11  0.3044E+08  0.3677E+08  0.8366E+07  0.6784E+06  0.9630E+05  0.0000E+00  0.0000E+00
       2      346      123      345      123        0                         0.2389E+11  0.1459E+07  0.3565E+08  0.7968E+07  0.6727E+06  0.2638E+06  0.0000E+00  0.0000E+00
       5      347      116      203        0        0                         0.5856E+10  0.3234E+09  0.4315E+08  0.1274E+08  0.3523E+06  0.1197E+05  0.0000E+00  0.0000E+00
       5      348      347      218        0        0                         0.7905E+10  0.3997E+09  0.6181E+08  0.1686E+08  0.5972E+06  0.1545E+05  0.0000E+00  0.0000E+00
       5      349      348      222        0        0                         0.9232E+10  0.4475E+09  0.6932E+08  0.1908E+08  0.6455E+06  0.1756E+05  0.0000E+00  0.0000E+00
       5      350      349      335        0        0                         0.3888E+11  0.4560E+09  0.9554E+08  0.2678E+08  0.3661E+07  0.3489E+07  0.0000E+00  0.0000E+00
       2      351      116      350      116        0                         0.3866E+11  0.1300E+08  0.9317E+08  0.2571E+08  0.3517E+07  0.4223E+07  0.0000E+00  0.0000E+00
       5      352      141      161        0        0                         0.7430E+09  0.5690E+07  0.1044E+08  0.2842E+07  0.1858E+06  0.5189E+04  0.0000E+00  0.0000E+00
       5      353      352      174        0        0                         0.8374E+09  0.6034E+07  0.1112E+08  0.3000E+07  0.2668E+06  0.5360E+04  0.0000E+00  0.0000E+00
       5      354      353      215        0        0                         0.1124E+10  0.7485E+07  0.1455E+08  0.3937E+07  0.3275E+06  0.1099E+05  0.0000E+00  0.0000E+00
       5      355      354      309        0        0                         0.3528E+10  0.7749E+07  0.4885E+08  0.1246E+08  0.2187E+07  0.1212E+06  0.0000E+00  0.0000E+00
       5      356      355      327        0        0                         0.9434E+10  0.8794E+07  0.1780E+09  0.4120E+08  0.4215E+07  0.3018E+06  0.0000E+00  0.0000E+00
       2      357      141      356      141        0                         0.9290E+10  0.1397E+07  0.1713E+09  0.3890E+08  0.4188E+07  0.9025E+06  0.0000E+00  0.0000E+00
       5      358       99      193        0        0                         0.1208E+11  0.1139E+09  0.8476E+08  0.1967E+08  0.4981E+06  0.1442E+05  0.0000E+00  0.0000E+00
       5      359      358      343        0        0                         0.3729E+11  0.1181E+09  0.3783E+09  0.7737E+08  0.3869E+07  0.7525E+06  0.0000E+00  0.0000E+00
       2      360       99      359       99        0                         0.3704E+11  0.4440E+07  0.3453E+09  0.6707E+08  0.4076E+07  0.2249E+07  0.0000E+00  0.0000E+00
       5      361      143      180        0        0                         0.1699E+10  0.6452E+08  0.2237E+08  0.6447E+07  0.1651E+06  0.1072E+05  0.0000E+00  0.0000E+00
       5      362      361      204        0        0                         0.3141E+10  0.6453E+08  0.2239E+08  0.6478E+07  0.5393E+06  0.1360E+06  0.0000E+00  0.0000E+00
       5      363      362      351        0        0                         0.4180E+11  0.7753E+08  0.1156E+09  0.3219E+08  0.4056E+07  0.4359E+07  0.0000E+00  0.0000E+00
       2      364      143      363      143        0                         0.4161E+11  0.1454E+08  0.1135E+09  0.3128E+08  0.3972E+07  0.5069E+07  0.0000E+00  0.0000E+00
       5      365       83      170        0        0                         0.4122E+10  0.8493E+08  0.2444E+08  0.5607E+07  0.1799E+06  0.3947E+04  0.0000E+00  0.0000E+00
       5      366      365      262        0        0                         0.1418E+11  0.8693E+08  0.1021E+09  0.2245E+08  0.7708E+06  0.5234E+05  0.0000E+00  0.0000E+00
       5      367      366      360        0        0                         0.5122E+11  0.9137E+08  0.4474E+09  0.8952E+08  0.4847E+07  0.2301E+07  0.0000E+00  0.0000E+00
       2      368       83      367       83        0                         0.5113E+11  0.9907E+07  0.4404E+09  0.8741E+08  0.4939E+07  0.3953E+07  0.0000E+00  0.0000E+00
       5      369      119      357        0        0                         0.9392E+10  0.2707E+07  0.1734E+09  0.3947E+08  0.4230E+07  0.9034E+06  0.0000E+00  0.0000E+00
       5      370      369      364        0        0                         0.5100E+11  0.1725E+08  0.2869E+09  0.7075E+08  0.8202E+07  0.5972E+07  0.0000E+00  0.0000E+00
       2      371      119      370      119        0                         0.5092E+11  0.3096E+07  0.2800E+09  0.6813E+08  0.8230E+07  0.8167E+07  0.0000E+00  0.0000E+00
       5      372       96      182        0        0                         0.3566E+10  0.8819E+08  0.3247E+08  0.7799E+07  0.2959E+06  0.4026E+04  0.0000E+00  0.0000E+00
       5      373      372      200        0        0                         0.5651E+10  0.1284E+09  0.5033E+08  0.1172E+08  0.5475E+06  0.7336E+04  0.0000E+00  0.0000E+00
       5      374      373      270        0        0                         0.1532E+11  0.1304E+09  0.1169E+09  0.2621E+08  0.1337E+07  0.3320E+05  0.0000E+00  0.0000E+00
       5      375      374      368        0        0                         0.6645E+11  0.1403E+09  0.5572E+09  0.1136E+09  0.6275E+07  0.3986E+07  0.0000E+00  0.0000E+00
       2      376       96      375       96        0                         0.6627E+11  0.1348E+08  0.5424E+09  0.1091E+09  0.6474E+07  0.7534E+07  0.0000E+00  0.0000E+00
       5      377      100      188        0        0                         0.2208E+10  0.5707E+08  0.3656E+08  0.8438E+07  0.3485E+06  0.5327E+04  0.0000E+00  0.0000E+00
       5      378      377      376        0        0                         0.6847E+11  0.7055E+08  0.5790E+09  0.1175E+09  0.6823E+07  0.7539E+07  0.0000E+00  0.0000E+00
       2      379      100      378      100        0                         0.6842E+11  0.1099E+08  0.5733E+09  0.1158E+09  0.6906E+07  0.8960E+07  0.0000E+00  0.0000E+00
       5      380      106      379        0        0                         0.6886E+11  0.4738E+08  0.5879E+09  0.1201E+09  0.7041E+07  0.8962E+07  0.0000E+00  0.0000E+00
       5      381      380      280        0        0                         0.7665E+11  0.4897E+08  0.6625E+09  0.1364E+09  0.8167E+07  0.8995E+07  0.0000E+00  0.0000E+00
       2      382      106      381      106        0                         0.7642E+11  0.1418E+08  0.6448E+09  0.1309E+09  0.8427E+07  0.1347E+08  0.0000E+00  0.0000E+00
       5      383      135      382        0        0                         0.7802E+11  0.9948E+08  0.6595E+09  0.1352E+09  0.8574E+07  0.1347E+08  0.0000E+00  0.0000E+00
       5      384      383      306        0        0                         0.8611E+11  0.1016E+09  0.7111E+09  0.1472E+09  0.9254E+07  0.1350E+08  0.0000E+00  0.0000E+00
       2      385      135      384      135        0                         0.8593E+11  0.1586E+08  0.6936E+09  0.1417E+09  0.9570E+07  0.1800E+08  0.0000E+00  0.0000E+00
       5      386      138      283        0        0                         0.1434E+11  0.3765E+08  0.8679E+08  0.2143E+08  0.9945E+06  0.6448E+05  0.0000E+00  0.0000E+00
       5      387      386      385        0        0                         0.1003E+12  0.5351E+08  0.7804E+09  0.1632E+09  0.1056E+08  0.1806E+08  0.0000E+00  0.0000E+00
       2      388      138      387      138        0                         0.1001E+12  0.1905E+08  0.7625E+09  0.1575E+09  0.1091E+08  0.2276E+08  0.0000E+00  0.0000E+00
       5      389      139      165        0        0                         0.2112E+10  0.5458E+08  0.2731E+08  0.7949E+07  0.1607E+06  0.8954E+04  0.0000E+00  0.0000E+00
       5      390      389      388        0        0                         0.1022E+12  0.7363E+08  0.7898E+09  0.1654E+09  0.1108E+08  0.2276E+08  0.0000E+00  0.0000E+00
       2      391      139      390      139        0                         0.1020E+12  0.2595E+08  0.7796E+09  0.1622E+09  0.1127E+08  0.2541E+08  0.0000E+00  0.0000E+00
       5      392      144      171        0        0                         0.3071E+10  0.1283E+09  0.2611E+08  0.7661E+07  0.1407E+06  0.8455E+04  0.0000E+00  0.0000E+00
       5      393      392      189        0        0                         0.4687E+10  0.1914E+09  0.4139E+08  0.1214E+08  0.2873E+06  0.1378E+05  0.0000E+00  0.0000E+00
       5      394      393      391        0        0                         0.1067E+12  0.2173E+09  0.8210E+09  0.1744E+09  0.1156E+08  0.2542E+08  0.0000E+00  0.0000E+00
       2      395      144      394      144        0                         0.1065E+12  0.2343E+08  0.7995E+09  0.1675E+09  0.1201E+08  0.3115E+08  0.0000E+00  0.0000E+00
       5      396      146      212        0        0                         0.1516E+10  0.5016E+08  0.1483E+08  0.4344E+07  0.1108E+06  0.5391E+04  0.0000E+00  0.0000E+00
       5      397      396      395        0        0                         0.1080E+12  0.7359E+08  0.8144E+09  0.1718E+09  0.1213E+08  0.3115E+08  0.0000E+00  0.0000E+00
       2      398      146      397      146        0                         0.1079E+12  0.7159E+07  0.8012E+09  0.1676E+09  0.1246E+08  0.3473E+08  0.0000E+00  0.0000E+00
       5      399      147      224        0        0                         0.5802E+10  0.1797E+09  0.3687E+08  0.1098E+08  0.2790E+06  0.1183E+05  0.0000E+00  0.0000E+00
       5      400      399      398        0        0                         0.1137E+12  0.1869E+09  0.8381E+09  0.1786E+09  0.1274E+08  0.3475E+08  0.0000E+00  0.0000E+00
       2      401      147      400      147        0                         0.1135E+12  0.7579E+07  0.7677E+09  0.1558E+09  0.1470E+08  0.5419E+08  0.0000E+00  0.0000E+00
       5      402      124      236        0        0                         0.2777E+10  0.1115E+09  0.2329E+08  0.6135E+07  0.1732E+06  0.4927E+04  0.0000E+00  0.0000E+00
       5      403      402      330        0        0                         0.1540E+11  0.1135E+09  0.1613E+09  0.3657E+08  0.1634E+07  0.2034E+06  0.0000E+00  0.0000E+00
       5      404      403      401        0        0                         0.1289E+12  0.1211E+09  0.9291E+09  0.1923E+09  0.1634E+08  0.5439E+08  0.0000E+00  0.0000E+00
       2      405      124      404      124        0                         0.1288E+12  0.8683E+07  0.9123E+09  0.1871E+09  0.1703E+08  0.5883E+08  0.0000E+00  0.0000E+00
       5      406      127      172        0        0                         0.2263E+10  0.7909E+08  0.2760E+08  0.7188E+07  0.2160E+06  0.6161E+04  0.0000E+00  0.0000E+00
       5      407      406      405        0        0                         0.1311E+12  0.8778E+08  0.9399E+09  0.1943E+09  0.1724E+08  0.5884E+08  0.0000E+00  0.0000E+00
       2      408      127      407      127        0                         0.1310E+12  0.8839E+07  0.9225E+09  0.1888E+09  0.1795E+08  0.6347E+08  0.0000E+00  0.0000E+00
       5      409      131      178        0        0                         0.3931E+09  0.2741E+08  0.1325E+08  0.3903E+07  0.1302E+06  0.2456E+04  0.0000E+00  0.0000E+00
       5      410      409      408        0        0                         0.1314E+12  0.3625E+08  0.9358E+09  0.1927E+09  0.1808E+08  0.6348E+08  0.0000E+00  0.0000E+00
       2      411      131      410      131        0                         0.1310E+12  0.3299E+08  0.9105E+09  0.1849E+09  0.1908E+08  0.6987E+08  0.0000E+00  0.0000E+00
       5      412      140      321        0        0                         0.2347E+11  0.5405E+08  0.1947E+09  0.4577E+08  0.2417E+07  0.2583E+06  0.0000E+00  0.0000E+00
       5      413      412      411        0        0                         0.1545E+12  0.8705E+08  0.1105E+10  0.2307E+09  0.2150E+08  0.7013E+08  0.0000E+00  0.0000E+00
       5      414      413      277        0        0                         0.1723E+12  0.9156E+08  0.1239E+10  0.2600E+09  0.2270E+08  0.7022E+08  0.0000E+00  0.0000E+00
       2      415      140      414      140        0                         0.1719E+12  0.4243E+08  0.1207E+10  0.2498E+09  0.2404E+08  0.7862E+08  0.0000E+00  0.0000E+00
       5      416      122      179        0        0                         0.1829E+10  0.8706E+08  0.2986E+08  0.6924E+07  0.4418E+06  0.3440E+04  0.0000E+00  0.0000E+00
       5      417      416      415        0        0                         0.1738E+12  0.1295E+09  0.1237E+10  0.2567E+09  0.2449E+08  0.7862E+08  0.0000E+00  0.0000E+00
       2      418      122      417      122        0                         0.1736E+12  0.3749E+08  0.1225E+10  0.2531E+09  0.2491E+08  0.8163E+08  0.0000E+00  0.0000E+00
       5      419      125      185        0        0                         0.1890E+10  0.8255E+08  0.2264E+08  0.5113E+07  0.3405E+06  0.3028E+04  0.0000E+00  0.0000E+00
       5      420      419      312        0        0                         0.2048E+11  0.8764E+08  0.1494E+09  0.3233E+08  0.2206E+07  0.5522E+05  0.0000E+00  0.0000E+00
       5      421      420      418        0        0                         0.1941E+12  0.1251E+09  0.1375E+10  0.2854E+09  0.2712E+08  0.8169E+08  0.0000E+00  0.0000E+00
       2      422      125      421      125        0                         0.1940E+12  0.6799E+08  0.1369E+10  0.2836E+09  0.2735E+08  0.8321E+08  0.0000E+00  0.0000E+00
       5      423      128      422        0        0                         0.2086E+12  0.9649E+09  0.1462E+10  0.3111E+09  0.2855E+08  0.8322E+08  0.0000E+00  0.0000E+00
       2      424      128      423      128        0                         0.2070E+12  0.5142E+08  0.1314E+10  0.2638E+09  0.3382E+08  0.1223E+09  0.0000E+00  0.0000E+00
       5      425      132      371        0        0                         0.5113E+11  0.5146E+07  0.2816E+09  0.6862E+08  0.8242E+07  0.8168E+07  0.0000E+00  0.0000E+00
       5      426      425      424        0        0                         0.2581E+12  0.5656E+08  0.1596E+10  0.3324E+09  0.4206E+08  0.1304E+09  0.0000E+00  0.0000E+00
       2      427      132      426      132        0                         0.2578E+12  0.1962E+08  0.1538E+10  0.3143E+09  0.4552E+08  0.1459E+09  0.0000E+00  0.0000E+00
       5      428      134      214        0        0                         0.5659E+10  0.9164E+09  0.5043E+08  0.1474E+08  0.5824E+06  0.1038E+05  0.0000E+00  0.0000E+00
       5      429      428      427        0        0                         0.2635E+12  0.9360E+09  0.1589E+10  0.3290E+09  0.4611E+08  0.1459E+09  0.0000E+00  0.0000E+00
       2      430      134      429      134        0                         0.2627E+12  0.5124E+08  0.1512E+10  0.3052E+09  0.5082E+08  0.1659E+09  0.0000E+00  0.0000E+00
       5      431      137      173        0        0                         0.4734E+10  0.8094E+09  0.2742E+08  0.7096E+07  0.4763E+06  0.3391E+04  0.0000E+00  0.0000E+00
       5      432      431      430        0        0                         0.2674E+12  0.8606E+09  0.1539E+10  0.3123E+09  0.5130E+08  0.1659E+09  0.0000E+00  0.0000E+00
       2      433      137      432      137        0                         0.2670E+12  0.7775E+08  0.1514E+10  0.3047E+09  0.5313E+08  0.1721E+09  0.0000E+00  0.0000E+00
       5      434      142      160        0        0                         0.7453E+10  0.8213E+09  0.2680E+08  0.5963E+07  0.5702E+06  0.1042E+05  0.0000E+00  0.0000E+00
       5      435      434      433        0        0                         0.2744E+12  0.8990E+09  0.1541E+10  0.3106E+09  0.5370E+08  0.1722E+09  0.0000E+00  0.0000E+00
       2      436      142      435      142        0                         0.2740E+12  0.8560E+08  0.1514E+10  0.3026E+09  0.5599E+08  0.1787E+09  0.0000E+00  0.0000E+00
       5      437      145      221        0        0                         0.4404E+10  0.6879E+09  0.1265E+08  0.3544E+07  0.2593E+06  0.7180E+04  0.0000E+00  0.0000E+00
       5      438      437      436        0        0                         0.2784E+12  0.7735E+09  0.1527E+10  0.3061E+09  0.5625E+08  0.1787E+09  0.0000E+00  0.0000E+00
       2      439      145      438      145        0                         0.2780E+12  0.2160E+08  0.1433E+10  0.2779E+09  0.6486E+08  0.2028E+09  0.0000E+00  0.0000E+00
       5      440      148      225        0        0                         0.4472E+10  0.6956E+08  0.4040E+08  0.1003E+08  0.6157E+06  0.1004E+05  0.0000E+00  0.0000E+00
       5      441      440      303        0        0                         0.7193E+10  0.7012E+08  0.8809E+08  0.2160E+08  0.1470E+07  0.2555E+05  0.0000E+00  0.0000E+00
       5      442      441      439        0        0                         0.2852E+12  0.9172E+08  0.1521E+10  0.2995E+09  0.6633E+08  0.2029E+09  0.0000E+00  0.0000E+00
       2      443      148      442      148        0                         0.2846E+12  0.8202E+08  0.1481E+10  0.2875E+09  0.7049E+08  0.2128E+09  0.0000E+00  0.0000E+00
       5      444      150      291        0        0                         0.1527E+11  0.3489E+08  0.2942E+08  0.8766E+07  0.3792E+06  0.1027E+06  0.0000E+00  0.0000E+00
       5      445      444      443        0        0                         0.2999E+12  0.1169E+09  0.1510E+10  0.2963E+09  0.7087E+08  0.2129E+09  0.0000E+00  0.0000E+00
       2      446      150      445      150        0                         0.2997E+12  0.2348E+08  0.1456E+10  0.2803E+09  0.7771E+08  0.2266E+09  0.0000E+00  0.0000E+00
       5      447      149      346        0        0                         0.4631E+11  0.5785E+08  0.8690E+08  0.2015E+08  0.1426E+07  0.3001E+06  0.0000E+00  0.0000E+00
       5      448      447      446        0        0                         0.3460E+12  0.8132E+08  0.1543E+10  0.3005E+09  0.7914E+08  0.2269E+09  0.0000E+00  0.0000E+00
       2      449      149      448      149        0                         0.3453E+12  0.8132E+08  0.1501E+10  0.2883E+09  0.8570E+08  0.2371E+09  0.0000E+00  0.0000E+00
       5      450      151      315        0        0                         0.2716E+11  0.5192E+09  0.5030E+08  0.1165E+08  0.4420E+07  0.6648E+05  0.0000E+00  0.0000E+00
       5      451      450      449        0        0                         0.3724E+12  0.6006E+09  0.1552E+10  0.2999E+09  0.9012E+08  0.2371E+09  0.0000E+00  0.0000E+00
       2      452      151      451      151        0                         0.3719E+12  0.1015E+09  0.1519E+10  0.2903E+09  0.9538E+08  0.2452E+09  0.0000E+00  0.0000E+00
       5      453      152      213        0        0                         0.3279E+11  0.7530E+09  0.4311E+08  0.1106E+08  0.6017E+07  0.5136E+05  0.0000E+00  0.0000E+00
       5      454      453      452        0        0                         0.4047E+12  0.8545E+09  0.1562E+10  0.3014E+09  0.1014E+09  0.2453E+09  0.0000E+00  0.0000E+00
       2      455      152      454      152        0                         0.4041E+12  0.9905E+08  0.1517E+10  0.2884E+09  0.1087E+09  0.2563E+09  0.0000E+00  0.0000E+00
       5      456      153      252        0        0                         0.4020E+11  0.2834E+09  0.6077E+08  0.1406E+08  0.2684E+07  0.1523E+06  0.0000E+00  0.0000E+00
       5      457      456      455        0        0                         0.4443E+12  0.3825E+09  0.1578E+10  0.3025E+09  0.1114E+09  0.2564E+09  0.0000E+00  0.0000E+00
       2      458      153      457      153        0                         0.4439E+12  0.1387E+09  0.1557E+10  0.2965E+09  0.1147E+09  0.2615E+09  0.0000E+00  0.0000E+00
       5      459      154      217        0        0                         0.3110E+11  0.3203E+09  0.4086E+08  0.9369E+07  0.3996E+07  0.3434E+05  0.0000E+00  0.0000E+00
       5      460      459      458        0        0                         0.4750E+12  0.4590E+09  0.1598E+10  0.3059E+09  0.1187E+09  0.2615E+09  0.0000E+00  0.0000E+00
       2      461      154      460      154        0                         0.4745E+12  0.9414E+08  0.1551E+10  0.2922E+09  0.1268E+09  0.2734E+09  0.0000E+00  0.0000E+00
      14      461        1        0        0        0                         0.4745E+12  0.9414E+08  0.1551E+10  0.2922E+09  0.1268E+09  0.2734E+09  0.0000E+00  0.0000E+00
